<?xml version="1.0" encoding="UTF-8"?>
<testsuite name="com.catelog.RubeberTechCatelogApplicationTests" tests="1" skipped="0" failures="0" errors="0" timestamp="2022-07-03T11:50:17" hostname="ZAFARIMAM" time="0.169">
  <properties/>
  <testcase name="contextLoads()" classname="com.catelog.RubeberTechCatelogApplicationTests" time="0.169"/>
  <system-out><![CDATA[17:20:08.587 [Test worker] DEBUG org.springframework.test.context.BootstrapUtils - Instantiating CacheAwareContextLoaderDelegate from class [org.springframework.test.context.cache.DefaultCacheAwareContextLoaderDelegate]
17:20:08.598 [Test worker] DEBUG org.springframework.test.context.BootstrapUtils - Instantiating BootstrapContext using constructor [public org.springframework.test.context.support.DefaultBootstrapContext(java.lang.Class,org.springframework.test.context.CacheAwareContextLoaderDelegate)]
17:20:08.629 [Test worker] DEBUG org.springframework.test.context.BootstrapUtils - Instantiating TestContextBootstrapper for test class [com.catelog.RubeberTechCatelogApplicationTests] from class [org.springframework.boot.test.context.SpringBootTestContextBootstrapper]
17:20:08.643 [Test worker] INFO org.springframework.boot.test.context.SpringBootTestContextBootstrapper - Neither @ContextConfiguration nor @ContextHierarchy found for test class [com.catelog.RubeberTechCatelogApplicationTests], using SpringBootContextLoader
17:20:08.648 [Test worker] DEBUG org.springframework.test.context.support.AbstractContextLoader - Did not detect default resource location for test class [com.catelog.RubeberTechCatelogApplicationTests]: class path resource [com/catelog/RubeberTechCatelogApplicationTests-context.xml] does not exist
17:20:08.648 [Test worker] DEBUG org.springframework.test.context.support.AbstractContextLoader - Did not detect default resource location for test class [com.catelog.RubeberTechCatelogApplicationTests]: class path resource [com/catelog/RubeberTechCatelogApplicationTestsContext.groovy] does not exist
17:20:08.649 [Test worker] INFO org.springframework.test.context.support.AbstractContextLoader - Could not detect default resource locations for test class [com.catelog.RubeberTechCatelogApplicationTests]: no resource found for suffixes {-context.xml, Context.groovy}.
17:20:08.650 [Test worker] INFO org.springframework.test.context.support.AnnotationConfigContextLoaderUtils - Could not detect default configuration classes for test class [com.catelog.RubeberTechCatelogApplicationTests]: RubeberTechCatelogApplicationTests does not declare any static, non-private, non-final, nested classes annotated with @Configuration.
17:20:08.700 [Test worker] DEBUG org.springframework.test.context.support.ActiveProfilesUtils - Could not find an 'annotation declaring class' for annotation type [org.springframework.test.context.ActiveProfiles] and class [com.catelog.RubeberTechCatelogApplicationTests]
17:20:08.767 [Test worker] DEBUG org.springframework.context.annotation.ClassPathScanningCandidateComponentProvider - Identified candidate component class: file [C:\Users\Zafar\Ruber Tech project\RubeberTechCatelog\build\classes\java\main\com\catelog\RubeberTechCatelogApplication.class]
17:20:08.769 [Test worker] INFO org.springframework.boot.test.context.SpringBootTestContextBootstrapper - Found @SpringBootConfiguration com.catelog.RubeberTechCatelogApplication for test class com.catelog.RubeberTechCatelogApplicationTests
17:20:08.891 [Test worker] DEBUG org.springframework.boot.test.context.SpringBootTestContextBootstrapper - @TestExecutionListeners is not present for class [com.catelog.RubeberTechCatelogApplicationTests]: using defaults.
17:20:08.891 [Test worker] INFO org.springframework.boot.test.context.SpringBootTestContextBootstrapper - Loaded default TestExecutionListener class names from location [META-INF/spring.factories]: [org.springframework.boot.test.autoconfigure.restdocs.RestDocsTestExecutionListener, org.springframework.boot.test.autoconfigure.web.client.MockRestServiceServerResetTestExecutionListener, org.springframework.boot.test.autoconfigure.web.servlet.MockMvcPrintOnlyOnFailureTestExecutionListener, org.springframework.boot.test.autoconfigure.web.servlet.WebDriverTestExecutionListener, org.springframework.boot.test.autoconfigure.webservices.client.MockWebServiceServerTestExecutionListener, org.springframework.boot.test.mock.mockito.MockitoTestExecutionListener, org.springframework.boot.test.mock.mockito.ResetMocksTestExecutionListener, org.springframework.test.context.web.ServletTestExecutionListener, org.springframework.test.context.support.DirtiesContextBeforeModesTestExecutionListener, org.springframework.test.context.event.ApplicationEventsTestExecutionListener, org.springframework.test.context.support.DependencyInjectionTestExecutionListener, org.springframework.test.context.support.DirtiesContextTestExecutionListener, org.springframework.test.context.transaction.TransactionalTestExecutionListener, org.springframework.test.context.jdbc.SqlScriptsTestExecutionListener, org.springframework.test.context.event.EventPublishingTestExecutionListener]
17:20:08.909 [Test worker] INFO org.springframework.boot.test.context.SpringBootTestContextBootstrapper - Using TestExecutionListeners: [org.springframework.test.context.web.ServletTestExecutionListener@37d3d232, org.springframework.test.context.support.DirtiesContextBeforeModesTestExecutionListener@30c0ccff, org.springframework.test.context.event.ApplicationEventsTestExecutionListener@581d969c, org.springframework.boot.test.mock.mockito.MockitoTestExecutionListener@22db8f4, org.springframework.boot.test.autoconfigure.SpringBootDependencyInjectionTestExecutionListener@2b46a8c1, org.springframework.test.context.support.DirtiesContextTestExecutionListener@1d572e62, org.springframework.test.context.transaction.TransactionalTestExecutionListener@29caf222, org.springframework.test.context.jdbc.SqlScriptsTestExecutionListener@46cf05f7, org.springframework.test.context.event.EventPublishingTestExecutionListener@5851bd4f, org.springframework.boot.test.autoconfigure.restdocs.RestDocsTestExecutionListener@7cd1ac19, org.springframework.boot.test.autoconfigure.web.client.MockRestServiceServerResetTestExecutionListener@2f40a43, org.springframework.boot.test.autoconfigure.web.servlet.MockMvcPrintOnlyOnFailureTestExecutionListener@3caa4757, org.springframework.boot.test.autoconfigure.web.servlet.WebDriverTestExecutionListener@69c43e48, org.springframework.boot.test.autoconfigure.webservices.client.MockWebServiceServerTestExecutionListener@1804f60d, org.springframework.boot.test.mock.mockito.ResetMocksTestExecutionListener@3a80515c]
17:20:08.912 [Test worker] DEBUG org.springframework.test.context.support.AbstractDirtiesContextTestExecutionListener - Before test class: context [DefaultTestContext@28c0b664 testClass = RubeberTechCatelogApplicationTests, testInstance = [null], testMethod = [null], testException = [null], mergedContextConfiguration = [WebMergedContextConfiguration@2c444798 testClass = RubeberTechCatelogApplicationTests, locations = '{}', classes = '{class com.catelog.RubeberTechCatelogApplication}', contextInitializerClasses = '[]', activeProfiles = '{}', propertySourceLocations = '{}', propertySourceProperties = '{org.springframework.boot.test.context.SpringBootTestContextBootstrapper=true}', contextCustomizers = set[org.springframework.boot.test.autoconfigure.actuate.metrics.MetricsExportContextCustomizerFactory$DisableMetricExportContextCustomizer@4da602fc, org.springframework.boot.test.autoconfigure.properties.PropertyMappingContextCustomizer@0, org.springframework.boot.test.autoconfigure.web.servlet.WebDriverContextCustomizerFactory$Customizer@62f4ff3b, org.springframework.boot.test.context.filter.ExcludeFilterContextCustomizer@34997338, org.springframework.boot.test.json.DuplicateJsonObjectContextCustomizerFactory$DuplicateJsonObjectContextCustomizer@53d1b9b3, org.springframework.boot.test.mock.mockito.MockitoContextCustomizer@0, org.springframework.boot.test.web.client.TestRestTemplateContextCustomizer@a776e, org.springframework.boot.test.context.SpringBootTestArgs@1, org.springframework.boot.test.context.SpringBootTestWebEnvironment@7de62196], resourceBasePath = 'src/main/webapp', contextLoader = 'org.springframework.boot.test.context.SpringBootContextLoader', parent = [null]], attributes = map['org.springframework.test.context.web.ServletTestExecutionListener.activateListener' -> true]], class annotated with @DirtiesContext [false] with mode [null].

  .   ____          _            __ _ _
 /\\ / ___'_ __ _ _(_)_ __  __ _ \ \ \ \
( ( )\___ | '_ | '_| | '_ \/ _` | \ \ \ \
 \\/  ___)| |_)| | | | | || (_| |  ) ) ) )
  '  |____| .__|_| |_|_| |_\__, | / / / /
 =========|_|==============|___/=/_/_/_/
 :: Spring Boot ::                (v2.6.6)

2022-07-03 17:20:09.394  INFO 728 --- [    Test worker] c.c.RubeberTechCatelogApplicationTests   : Starting RubeberTechCatelogApplicationTests using Java 11.0.13 on ZafarImam with PID 728 (started by Zafar in C:\Users\Zafar\Ruber Tech project\RubeberTechCatelog)
2022-07-03 17:20:09.395  INFO 728 --- [    Test worker] c.c.RubeberTechCatelogApplicationTests   : No active profile set, falling back to 1 default profile: "default"
2022-07-03 17:20:10.827  INFO 728 --- [    Test worker] .s.d.r.c.RepositoryConfigurationDelegate : Bootstrapping Spring Data JPA repositories in DEFAULT mode.
2022-07-03 17:20:10.947  INFO 728 --- [    Test worker] .s.d.r.c.RepositoryConfigurationDelegate : Finished Spring Data repository scanning in 108 ms. Found 6 JPA repository interfaces.
2022-07-03 17:20:11.782  INFO 728 --- [    Test worker] o.hibernate.jpa.internal.util.LogHelper  : HHH000204: Processing PersistenceUnitInfo [name: default]
2022-07-03 17:20:11.845  INFO 728 --- [    Test worker] org.hibernate.Version                    : HHH000412: Hibernate ORM core version 5.6.7.Final
2022-07-03 17:20:12.064  INFO 728 --- [    Test worker] o.hibernate.annotations.common.Version   : HCANN000001: Hibernate Commons Annotations {5.1.2.Final}
2022-07-03 17:20:12.209  INFO 728 --- [    Test worker] com.zaxxer.hikari.HikariDataSource       : HikariPool-1 - Starting...
2022-07-03 17:20:12.216  WARN 728 --- [    Test worker] com.zaxxer.hikari.util.DriverDataSource  : Registered driver with driverClassName=com.mysql.jdbc.Driver was not found, trying direct instantiation.
2022-07-03 17:20:12.675  INFO 728 --- [    Test worker] com.zaxxer.hikari.HikariDataSource       : HikariPool-1 - Start completed.
2022-07-03 17:20:12.716  INFO 728 --- [    Test worker] org.hibernate.dialect.Dialect            : HHH000400: Using dialect: org.hibernate.dialect.MySQL8Dialect
2022-07-03 17:20:13.965  INFO 728 --- [    Test worker] o.h.e.t.j.p.i.JtaPlatformInitiator       : HHH000490: Using JtaPlatform implementation: [org.hibernate.engine.transaction.jta.platform.internal.NoJtaPlatform]
2022-07-03 17:20:13.979  INFO 728 --- [    Test worker] j.LocalContainerEntityManagerFactoryBean : Initialized JPA EntityManagerFactory for persistence unit 'default'
2022-07-03 17:20:15.122  WARN 728 --- [    Test worker] JpaBaseConfiguration$JpaWebConfiguration : spring.jpa.open-in-view is enabled by default. Therefore, database queries may be performed during view rendering. Explicitly configure spring.jpa.open-in-view to disable this warning
2022-07-03 17:20:17.468  INFO 728 --- [    Test worker] o.s.b.a.e.web.EndpointLinksResolver      : Exposing 1 endpoint(s) beneath base path '/actuator'
2022-07-03 17:20:17.538  INFO 728 --- [    Test worker] c.c.RubeberTechCatelogApplicationTests   : Started RubeberTechCatelogApplicationTests in 8.574 seconds (JVM running for 10.191)
]]></system-out>
  <system-err><![CDATA[Loading class `com.mysql.jdbc.Driver'. This is deprecated. The new driver class is `com.mysql.cj.jdbc.Driver'. The driver is automatically registered via the SPI and manual loading of the driver class is generally unnecessary.
]]></system-err>
</testsuite>
